<?xml version="1.0" encoding="utf-8"?><testsuites name="pytest tests"><testsuite name="pytest" errors="0" failures="0" skipped="0" tests="10" time="12.388" timestamp="2026-03-21T20:14:05.346742+00:00" hostname="agent-env-14d70134-5adf-4960-a566-be45ebcbadb8"><testcase classname="backend.tests.test_careers.TestCareersRegistration" name="test_register_without_cv_success" time="0.920" /><testcase classname="backend.tests.test_careers.TestCareersRegistration" name="test_register_with_pdf_cv_success" time="1.922" /><testcase classname="backend.tests.test_careers.TestCareersRegistration" name="test_register_with_docx_cv_success" time="1.266" /><testcase classname="backend.tests.test_careers.TestCareersRegistration" name="test_register_missing_name_fails" time="0.442" /><testcase classname="backend.tests.test_careers.TestCareersRegistration" name="test_register_missing_email_fails" time="0.432" /><testcase classname="backend.tests.test_careers.TestCareersRegistration" name="test_register_missing_area_of_interest_fails" time="0.475" /><testcase classname="backend.tests.test_careers.TestCareersRegistration" name="test_register_invalid_file_type_fails" time="0.485" /><testcase classname="backend.tests.test_careers.TestCareersRegistration" name="test_register_file_too_large_fails" time="1.972" /><testcase classname="backend.tests.test_careers.TestCareersRegistration" name="test_all_areas_of_interest" time="3.830" /><testcase classname="backend.tests.test_careers.TestHealthCheck" name="test_api_root" time="0.472" /></testsuite></testsuites>